<?xml version="1.0" encoding="UTF-8"?>
<Site BuildName="(empty)"
	BuildStamp="20251212-1630-Experimental"
	Name="(empty)"
	Generator="ctest-4.2.1"
	CompilerName=""
	CompilerVersion=""
	OSName="Windows"
	Hostname="Earendil"
	OSRelease="10.0.26200"
	OSVersion="Windows 10"
	OSPlatform="AMD64"
	Is64Bits="1"
	VendorString="GenuineIntel"
	VendorID="Intel Corporation"
	FamilyID="6"
	ModelID="10"
	ModelName=""
	ProcessorCacheSize="-1"
	NumberOfLogicalCPU="20"
	NumberOfPhysicalCPU="14"
	TotalVirtualMemory="34640"
	TotalPhysicalMemory="16208"
	LogicalProcessorsPerPhysical="1"
	ProcessorClockFrequency="2900"
	>
	<Testing>
		<StartDateTime>Dec 12 17:36 Pacific Standard Time</StartDateTime>
		<StartTestTime>1765589772</StartTestTime>
		<TestList/>
		<EndDateTime>Dec 12 17:36 Pacific Standard Time</EndDateTime>
		<EndTestTime>1765589772</EndTestTime>
		<ElapsedMinutes>0</ElapsedMinutes>
	</Testing>
</Site>
